2023-03-22 15:36:25.644 | INFO     | __main__:build_marked_params:84 - end pics cos1679470585/DocumentOpenFileQBTests_testDocumentOpenFileQB1mWordTimeConsuming_1679470582/end.png
2023-03-22 15:36:25.644 | INFO     | __main__:build_marked_params:84 - end pics cos1679470585/DocumentOpenFileQBTests_testDocumentOpenFileQB1mWordTimeConsuming_1679470582/end1.png
2023-03-22 15:36:25.644 | INFO     | scripts.cv.video_frame_util:video_to_frames_with_ffmpeg:39 - start video to frames
2023-03-22 15:36:25.644 | INFO     | scripts.cv.video_frame_util:video_to_frames_with_ffmpeg:49 - ffmpeg -i cos1679470585/DocumentOpenFileQBTests_testDocumentOpenFileQB1mWordTimeConsuming_1679470582/com.apple.DocumentsApp_DocumentOpenFileQBTests_testDocumentOpenFileQB1mWordTimeConsuming_3_0.mp4  -r 25  -q:v 2 -f image2   cos1679470585/DocumentOpenFileQBTests_testDocumentOpenFileQB1mWordTimeConsuming_1679470582/frames_start/%08d.png
2023-03-22 15:36:27.097 | INFO     | scripts.cv.video_frame_util:video_to_frames_with_ffmpeg:56 - end video to frames
2023-03-22 15:36:27.098 | INFO     | scripts.cv.video_frame_util:video_to_frames_with_ffmpeg:39 - start video to frames
2023-03-22 15:36:27.098 | INFO     | scripts.cv.video_frame_util:video_to_frames_with_ffmpeg:49 - ffmpeg -i cos1679470585/DocumentOpenFileQBTests_testDocumentOpenFileQB1mWordTimeConsuming_1679470582/com.apple.DocumentsApp_DocumentOpenFileQBTests_testDocumentOpenFileQB1mWordTimeConsuming_3_0.mp4  -r 25  -q:v 2 -f image2   cos1679470585/DocumentOpenFileQBTests_testDocumentOpenFileQB1mWordTimeConsuming_1679470582/frames_end/%08d.png
2023-03-22 15:36:28.546 | INFO     | scripts.cv.video_frame_util:video_to_frames_with_ffmpeg:56 - end video to frames
2023-03-22 15:36:28.547 | INFO     | scripts.cv.cv_calculate:cv_analyse:36 - cv_analyse 一共 365 个视频帧画面
2023-03-22 15:36:28.548 | INFO     | scripts.marked.marked_calculate:__get_file_list:51 - 一共 365 个视频帧画面
2023-03-22 15:36:28.548 | INFO     | scripts.marked.marked_calculate:__run_search:79 - 目标帧：cos1679470585/DocumentOpenFileQBTests_testDocumentOpenFileQB1mWordTimeConsuming_1679470582/start.png
2023-03-22 15:36:29.005 | DEBUG    | scripts.marked.tpl_match:tpl_match:170 - 模版匹配执行完毕：最高相似度 0.9979075789451599 位置 (73, 890) 缩放类型 none 缩放比例 1
2023-03-22 15:36:29.333 | DEBUG    | scripts.marked.tpl_match:tpl_match:170 - 模版匹配执行完毕：最高相似度 0.9980157017707825 位置 (73, 890) 缩放类型 none 缩放比例 1
2023-03-22 15:36:29.591 | DEBUG    | scripts.marked.tpl_match:tpl_match:170 - 模版匹配执行完毕：最高相似度 0.9979982376098633 位置 (73, 890) 缩放类型 none 缩放比例 1
2023-03-22 15:36:29.834 | DEBUG    | scripts.marked.tpl_match:tpl_match:170 - 模版匹配执行完毕：最高相似度 0.9980100989341736 位置 (73, 890) 缩放类型 none 缩放比例 1
2023-03-22 15:36:30.158 | DEBUG    | scripts.marked.tpl_match:tpl_match:170 - 模版匹配执行完毕：最高相似度 0.9980095624923706 位置 (73, 890) 缩放类型 none 缩放比例 1
2023-03-22 15:36:30.403 | DEBUG    | scripts.marked.tpl_match:tpl_match:170 - 模版匹配执行完毕：最高相似度 0.9980104565620422 位置 (73, 890) 缩放类型 none 缩放比例 1
2023-03-22 15:36:30.637 | DEBUG    | scripts.marked.tpl_match:tpl_match:170 - 模版匹配执行完毕：最高相似度 0.9980104565620422 位置 (73, 890) 缩放类型 none 缩放比例 1
2023-03-22 15:36:30.875 | DEBUG    | scripts.marked.tpl_match:tpl_match:170 - 模版匹配执行完毕：最高相似度 0.9980109930038452 位置 (73, 890) 缩放类型 none 缩放比例 1
2023-03-22 15:36:31.128 | DEBUG    | scripts.marked.tpl_match:tpl_match:170 - 模版匹配执行完毕：最高相似度 0.9980106949806213 位置 (73, 890) 缩放类型 none 缩放比例 1
2023-03-22 15:36:31.366 | DEBUG    | scripts.marked.tpl_match:tpl_match:170 - 模版匹配执行完毕：最高相似度 0.9980109930038452 位置 (73, 890) 缩放类型 none 缩放比例 1
2023-03-22 15:36:31.601 | DEBUG    | scripts.marked.tpl_match:tpl_match:170 - 模版匹配执行完毕：最高相似度 0.998011589050293 位置 (73, 890) 缩放类型 none 缩放比例 1
2023-03-22 15:36:31.843 | DEBUG    | scripts.marked.tpl_match:tpl_match:170 - 模版匹配执行完毕：最高相似度 0.998011589050293 位置 (73, 890) 缩放类型 none 缩放比例 1
2023-03-22 15:36:32.077 | DEBUG    | scripts.marked.tpl_match:tpl_match:170 - 模版匹配执行完毕：最高相似度 0.9980106949806213 位置 (73, 890) 缩放类型 none 缩放比例 1
2023-03-22 15:36:32.308 | DEBUG    | scripts.marked.tpl_match:tpl_match:170 - 模版匹配执行完毕：最高相似度 0.9980106949806213 位置 (73, 890) 缩放类型 none 缩放比例 1
2023-03-22 15:36:32.556 | DEBUG    | scripts.marked.tpl_match:tpl_match:170 - 模版匹配执行完毕：最高相似度 0.9980096817016602 位置 (73, 890) 缩放类型 none 缩放比例 1
2023-03-22 15:36:32.798 | DEBUG    | scripts.marked.tpl_match:tpl_match:170 - 模版匹配执行完毕：最高相似度 0.9980044960975647 位置 (73, 890) 缩放类型 none 缩放比例 1
2023-03-22 15:36:33.047 | DEBUG    | scripts.marked.tpl_match:tpl_match:170 - 模版匹配执行完毕：最高相似度 0.9980003237724304 位置 (73, 890) 缩放类型 none 缩放比例 1
2023-03-22 15:36:33.288 | DEBUG    | scripts.marked.tpl_match:tpl_match:170 - 模版匹配执行完毕：最高相似度 0.9979983568191528 位置 (73, 890) 缩放类型 none 缩放比例 1
2023-03-22 15:36:33.542 | DEBUG    | scripts.marked.tpl_match:tpl_match:170 - 模版匹配执行完毕：最高相似度 0.9979997873306274 位置 (73, 890) 缩放类型 none 缩放比例 1
2023-03-22 15:36:33.785 | DEBUG    | scripts.marked.tpl_match:tpl_match:170 - 模版匹配执行完毕：最高相似度 0.9979994297027588 位置 (73, 890) 缩放类型 none 缩放比例 1
2023-03-22 15:36:34.058 | DEBUG    | scripts.marked.tpl_match:tpl_match:170 - 模版匹配执行完毕：最高相似度 0.9979989528656006 位置 (73, 890) 缩放类型 none 缩放比例 1
2023-03-22 15:36:34.351 | DEBUG    | scripts.marked.tpl_match:tpl_match:170 - 模版匹配执行完毕：最高相似度 0.9979991912841797 位置 (73, 890) 缩放类型 none 缩放比例 1
2023-03-22 15:36:34.618 | DEBUG    | scripts.marked.tpl_match:tpl_match:170 - 模版匹配执行完毕：最高相似度 0.9979994297027588 位置 (73, 890) 缩放类型 none 缩放比例 1
2023-03-22 15:36:34.879 | DEBUG    | scripts.marked.tpl_match:tpl_match:170 - 模版匹配执行完毕：最高相似度 0.9980022311210632 位置 (73, 890) 缩放类型 none 缩放比例 1
2023-03-22 15:36:35.147 | DEBUG    | scripts.marked.tpl_match:tpl_match:170 - 模版匹配执行完毕：最高相似度 0.9980016350746155 位置 (73, 890) 缩放类型 none 缩放比例 1
2023-03-22 15:36:35.426 | DEBUG    | scripts.marked.tpl_match:tpl_match:170 - 模版匹配执行完毕：最高相似度 0.9980018734931946 位置 (73, 890) 缩放类型 none 缩放比例 1
2023-03-22 15:36:35.724 | DEBUG    | scripts.marked.tpl_match:tpl_match:170 - 模版匹配执行完毕：最高相似度 0.9980002045631409 位置 (73, 890) 缩放类型 none 缩放比例 1
2023-03-22 15:36:36.005 | DEBUG    | scripts.marked.tpl_match:tpl_match:170 - 模版匹配执行完毕：最高相似度 0.9980012774467468 位置 (73, 890) 缩放类型 none 缩放比例 1
2023-03-22 15:36:36.292 | DEBUG    | scripts.marked.tpl_match:tpl_match:170 - 模版匹配执行完毕：最高相似度 0.9980009198188782 位置 (73, 890) 缩放类型 none 缩放比例 1
2023-03-22 15:36:36.558 | DEBUG    | scripts.marked.tpl_match:tpl_match:170 - 模版匹配执行完毕：最高相似度 0.9980031251907349 位置 (73, 890) 缩放类型 none 缩放比例 1
2023-03-22 15:36:36.816 | DEBUG    | scripts.marked.tpl_match:tpl_match:170 - 模版匹配执行完毕：最高相似度 0.998001217842102 位置 (73, 890) 缩放类型 none 缩放比例 1
2023-03-22 15:36:37.058 | DEBUG    | scripts.marked.tpl_match:tpl_match:170 - 模版匹配执行完毕：最高相似度 0.998002827167511 位置 (73, 890) 缩放类型 none 缩放比例 1
2023-03-22 15:36:37.301 | DEBUG    | scripts.marked.tpl_match:tpl_match:170 - 模版匹配执行完毕：最高相似度 0.9980032444000244 位置 (73, 890) 缩放类型 none 缩放比例 1
2023-03-22 15:36:37.538 | DEBUG    | scripts.marked.tpl_match:tpl_match:170 - 模版匹配执行完毕：最高相似度 0.9980035424232483 位置 (73, 890) 缩放类型 none 缩放比例 1
2023-03-22 15:36:37.783 | DEBUG    | scripts.marked.tpl_match:tpl_match:170 - 模版匹配执行完毕：最高相似度 0.9980032444000244 位置 (73, 890) 缩放类型 none 缩放比例 1
2023-03-22 15:36:38.037 | DEBUG    | scripts.marked.tpl_match:tpl_match:170 - 模版匹配执行完毕：最高相似度 0.9980028867721558 位置 (73, 890) 缩放类型 none 缩放比例 1
2023-03-22 15:36:38.289 | DEBUG    | scripts.marked.tpl_match:tpl_match:170 - 模版匹配执行完毕：最高相似度 0.9980035424232483 位置 (73, 890) 缩放类型 none 缩放比例 1
2023-03-22 15:36:38.576 | DEBUG    | scripts.marked.tpl_match:tpl_match:170 - 模版匹配执行完毕：最高相似度 0.9980046153068542 位置 (73, 890) 缩放类型 none 缩放比例 1
2023-03-22 15:36:38.826 | DEBUG    | scripts.marked.tpl_match:tpl_match:170 - 模版匹配执行完毕：最高相似度 0.9980035424232483 位置 (73, 890) 缩放类型 none 缩放比例 1
2023-03-22 15:36:39.110 | DEBUG    | scripts.marked.tpl_match:tpl_match:170 - 模版匹配执行完毕：最高相似度 0.9980032444000244 位置 (73, 890) 缩放类型 none 缩放比例 1
2023-03-22 15:36:39.373 | DEBUG    | scripts.marked.tpl_match:tpl_match:170 - 模版匹配执行完毕：最高相似度 0.9980020523071289 位置 (73, 890) 缩放类型 none 缩放比例 1
2023-03-22 15:36:39.609 | DEBUG    | scripts.marked.tpl_match:tpl_match:170 - 模版匹配执行完毕：最高相似度 0.9980040192604065 位置 (73, 890) 缩放类型 none 缩放比例 1
2023-03-22 15:36:39.846 | DEBUG    | scripts.marked.tpl_match:tpl_match:170 - 模版匹配执行完毕：最高相似度 0.9980031251907349 位置 (73, 890) 缩放类型 none 缩放比例 1
2023-03-22 15:36:40.108 | DEBUG    | scripts.marked.tpl_match:tpl_match:170 - 模版匹配执行完毕：最高相似度 0.9980032444000244 位置 (73, 890) 缩放类型 none 缩放比例 1
2023-03-22 15:36:40.351 | DEBUG    | scripts.marked.tpl_match:tpl_match:170 - 模版匹配执行完毕：最高相似度 0.9980015158653259 位置 (73, 890) 缩放类型 none 缩放比例 1
2023-03-22 15:36:40.596 | DEBUG    | scripts.marked.tpl_match:tpl_match:170 - 模版匹配执行完毕：最高相似度 0.9980024099349976 位置 (73, 890) 缩放类型 none 缩放比例 1
2023-03-22 15:36:40.830 | DEBUG    | scripts.marked.tpl_match:tpl_match:170 - 模版匹配执行完毕：最高相似度 0.9980031847953796 位置 (73, 890) 缩放类型 none 缩放比例 1
2023-03-22 15:36:41.062 | DEBUG    | scripts.marked.tpl_match:tpl_match:170 - 模版匹配执行完毕：最高相似度 0.9980021715164185 位置 (73, 890) 缩放类型 none 缩放比例 1
2023-03-22 15:36:41.306 | DEBUG    | scripts.marked.tpl_match:tpl_match:170 - 模版匹配执行完毕：最高相似度 0.9980018138885498 位置 (73, 890) 缩放类型 none 缩放比例 1
2023-03-22 15:36:41.554 | DEBUG    | scripts.marked.tpl_match:tpl_match:170 - 模版匹配执行完毕：最高相似度 0.9980028867721558 位置 (73, 890) 缩放类型 none 缩放比例 1
2023-03-22 15:36:41.789 | DEBUG    | scripts.marked.tpl_match:tpl_match:170 - 模版匹配执行完毕：最高相似度 0.9980018138885498 位置 (73, 890) 缩放类型 none 缩放比例 1
2023-03-22 15:36:42.038 | DEBUG    | scripts.marked.tpl_match:tpl_match:170 - 模版匹配执行完毕：最高相似度 0.9980031847953796 位置 (73, 890) 缩放类型 none 缩放比例 1
2023-03-22 15:36:42.278 | DEBUG    | scripts.marked.tpl_match:tpl_match:170 - 模版匹配执行完毕：最高相似度 0.9980028867721558 位置 (73, 890) 缩放类型 none 缩放比例 1
2023-03-22 15:36:42.515 | DEBUG    | scripts.marked.tpl_match:tpl_match:170 - 模版匹配执行完毕：最高相似度 0.9980028867721558 位置 (73, 890) 缩放类型 none 缩放比例 1
2023-03-22 15:36:42.749 | DEBUG    | scripts.marked.tpl_match:tpl_match:170 - 模版匹配执行完毕：最高相似度 0.9980025887489319 位置 (73, 890) 缩放类型 none 缩放比例 1
2023-03-22 15:36:42.992 | DEBUG    | scripts.marked.tpl_match:tpl_match:170 - 模版匹配执行完毕：最高相似度 0.9980029463768005 位置 (73, 890) 缩放类型 none 缩放比例 1
2023-03-22 15:36:43.230 | DEBUG    | scripts.marked.tpl_match:tpl_match:170 - 模版匹配执行完毕：最高相似度 0.9980028867721558 位置 (73, 890) 缩放类型 none 缩放比例 1
2023-03-22 15:36:43.468 | DEBUG    | scripts.marked.tpl_match:tpl_match:170 - 模版匹配执行完毕：最高相似度 0.9980025887489319 位置 (73, 890) 缩放类型 none 缩放比例 1
2023-03-22 15:36:43.722 | DEBUG    | scripts.marked.tpl_match:tpl_match:170 - 模版匹配执行完毕：最高相似度 0.9980028867721558 位置 (73, 890) 缩放类型 none 缩放比例 1
2023-03-22 15:36:43.990 | DEBUG    | scripts.marked.tpl_match:tpl_match:170 - 模版匹配执行完毕：最高相似度 0.9980025887489319 位置 (73, 890) 缩放类型 none 缩放比例 1
2023-03-22 15:36:44.281 | DEBUG    | scripts.marked.tpl_match:tpl_match:170 - 模版匹配执行完毕：最高相似度 0.9980015158653259 位置 (73, 890) 缩放类型 none 缩放比例 1
2023-03-22 15:36:44.554 | DEBUG    | scripts.marked.tpl_match:tpl_match:170 - 模版匹配执行完毕：最高相似度 0.9980015158653259 位置 (73, 890) 缩放类型 none 缩放比例 1
2023-03-22 15:36:44.824 | DEBUG    | scripts.marked.tpl_match:tpl_match:170 - 模版匹配执行完毕：最高相似度 0.9980025887489319 位置 (73, 890) 缩放类型 none 缩放比例 1
2023-03-22 15:36:45.114 | DEBUG    | scripts.marked.tpl_match:tpl_match:170 - 模版匹配执行完毕：最高相似度 0.9980031251907349 位置 (73, 890) 缩放类型 none 缩放比例 1
2023-03-22 15:36:45.363 | DEBUG    | scripts.marked.tpl_match:tpl_match:170 - 模版匹配执行完毕：最高相似度 0.9980025887489319 位置 (73, 890) 缩放类型 none 缩放比例 1
2023-03-22 15:36:45.626 | DEBUG    | scripts.marked.tpl_match:tpl_match:170 - 模版匹配执行完毕：最高相似度 0.9980020523071289 位置 (73, 890) 缩放类型 none 缩放比例 1
2023-03-22 15:36:45.915 | DEBUG    | scripts.marked.tpl_match:tpl_match:170 - 模版匹配执行完毕：最高相似度 0.998001217842102 位置 (73, 890) 缩放类型 none 缩放比例 1
2023-03-22 15:36:46.158 | DEBUG    | scripts.marked.tpl_match:tpl_match:170 - 模版匹配执行完毕：最高相似度 0.9980033040046692 位置 (73, 890) 缩放类型 none 缩放比例 1
2023-03-22 15:36:46.416 | DEBUG    | scripts.marked.tpl_match:tpl_match:170 - 模版匹配执行完毕：最高相似度 0.9980033040046692 位置 (73, 890) 缩放类型 none 缩放比例 1
2023-03-22 15:36:46.676 | DEBUG    | scripts.marked.tpl_match:tpl_match:170 - 模版匹配执行完毕：最高相似度 0.9980025887489319 位置 (73, 890) 缩放类型 none 缩放比例 1
2023-03-22 15:36:46.938 | DEBUG    | scripts.marked.tpl_match:tpl_match:170 - 模版匹配执行完毕：最高相似度 0.9980028867721558 位置 (73, 890) 缩放类型 none 缩放比例 1
2023-03-22 15:36:47.188 | DEBUG    | scripts.marked.tpl_match:tpl_match:170 - 模版匹配执行完毕：最高相似度 0.9980015158653259 位置 (73, 890) 缩放类型 none 缩放比例 1
2023-03-22 15:36:47.433 | DEBUG    | scripts.marked.tpl_match:tpl_match:170 - 模版匹配执行完毕：最高相似度 0.9980025887489319 位置 (73, 890) 缩放类型 none 缩放比例 1
2023-03-22 15:36:47.675 | DEBUG    | scripts.marked.tpl_match:tpl_match:170 - 模版匹配执行完毕：最高相似度 0.9980028867721558 位置 (73, 890) 缩放类型 none 缩放比例 1
2023-03-22 15:36:47.929 | DEBUG    | scripts.marked.tpl_match:tpl_match:170 - 模版匹配执行完毕：最高相似度 0.998001217842102 位置 (73, 890) 缩放类型 none 缩放比例 1
2023-03-22 15:36:48.179 | DEBUG    | scripts.marked.tpl_match:tpl_match:170 - 模版匹配执行完毕：最高相似度 0.998008131980896 位置 (73, 890) 缩放类型 none 缩放比例 1
2023-03-22 15:36:48.423 | DEBUG    | scripts.marked.tpl_match:tpl_match:170 - 模版匹配执行完毕：最高相似度 0.998005211353302 位置 (73, 890) 缩放类型 none 缩放比例 1
2023-03-22 15:36:48.646 | DEBUG    | scripts.marked.tpl_match:tpl_match:170 - 模版匹配执行完毕：最高相似度 0.9980049729347229 位置 (73, 890) 缩放类型 none 缩放比例 1
2023-03-22 15:36:48.888 | DEBUG    | scripts.marked.tpl_match:tpl_match:170 - 模版匹配执行完毕：最高相似度 0.9980039000511169 位置 (73, 890) 缩放类型 none 缩放比例 1
2023-03-22 15:36:49.151 | DEBUG    | scripts.marked.tpl_match:tpl_match:170 - 模版匹配执行完毕：最高相似度 0.9980074763298035 位置 (73, 890) 缩放类型 none 缩放比例 1
2023-03-22 15:36:49.397 | DEBUG    | scripts.marked.tpl_match:tpl_match:170 - 模版匹配执行完毕：最高相似度 0.9980077147483826 位置 (73, 890) 缩放类型 none 缩放比例 1
2023-03-22 15:36:49.669 | DEBUG    | scripts.marked.tpl_match:tpl_match:170 - 模版匹配执行完毕：最高相似度 0.99800705909729 位置 (73, 890) 缩放类型 none 缩放比例 1
2023-03-22 15:36:49.920 | DEBUG    | scripts.marked.tpl_match:tpl_match:170 - 模版匹配执行完毕：最高相似度 0.9980053901672363 位置 (73, 890) 缩放类型 none 缩放比例 1
2023-03-22 15:36:50.169 | DEBUG    | scripts.marked.tpl_match:tpl_match:170 - 模版匹配执行完毕：最高相似度 0.998005747795105 位置 (73, 890) 缩放类型 none 缩放比例 1
2023-03-22 15:36:50.417 | DEBUG    | scripts.marked.tpl_match:tpl_match:170 - 模版匹配执行完毕：最高相似度 0.9980053901672363 位置 (73, 890) 缩放类型 none 缩放比例 1
2023-03-22 15:36:50.675 | DEBUG    | scripts.marked.tpl_match:tpl_match:170 - 模版匹配执行完毕：最高相似度 0.9980056881904602 位置 (73, 890) 缩放类型 none 缩放比例 1
2023-03-22 15:36:50.932 | DEBUG    | scripts.marked.tpl_match:tpl_match:170 - 模版匹配执行完毕：最高相似度 0.9980050325393677 位置 (73, 890) 缩放类型 none 缩放比例 1
2023-03-22 15:36:51.191 | DEBUG    | scripts.marked.tpl_match:tpl_match:170 - 模版匹配执行完毕：最高相似度 0.9980062246322632 位置 (73, 890) 缩放类型 none 缩放比例 1
2023-03-22 15:36:51.447 | DEBUG    | scripts.marked.tpl_match:tpl_match:170 - 模版匹配执行完毕：最高相似度 0.9980053901672363 位置 (73, 890) 缩放类型 none 缩放比例 1
2023-03-22 15:36:51.700 | DEBUG    | scripts.marked.tpl_match:tpl_match:170 - 模版匹配执行完毕：最高相似度 0.9980067610740662 位置 (73, 890) 缩放类型 none 缩放比例 1
2023-03-22 15:36:51.962 | DEBUG    | scripts.marked.tpl_match:tpl_match:170 - 模版匹配执行完毕：最高相似度 0.9980058073997498 位置 (73, 890) 缩放类型 none 缩放比例 1
2023-03-22 15:36:52.201 | DEBUG    | scripts.marked.tpl_match:tpl_match:170 - 模版匹配执行完毕：最高相似度 0.9980069994926453 位置 (73, 890) 缩放类型 none 缩放比例 1
2023-03-22 15:36:52.476 | DEBUG    | scripts.marked.tpl_match:tpl_match:170 - 模版匹配执行完毕：最高相似度 0.9980061054229736 位置 (73, 890) 缩放类型 none 缩放比例 1
2023-03-22 15:36:52.731 | DEBUG    | scripts.marked.tpl_match:tpl_match:170 - 模版匹配执行完毕：最高相似度 0.998005747795105 位置 (73, 890) 缩放类型 none 缩放比例 1
2023-03-22 15:36:52.981 | DEBUG    | scripts.marked.tpl_match:tpl_match:170 - 模版匹配执行完毕：最高相似度 0.9980067610740662 位置 (73, 890) 缩放类型 none 缩放比例 1
2023-03-22 15:36:53.248 | DEBUG    | scripts.marked.tpl_match:tpl_match:170 - 模版匹配执行完毕：最高相似度 0.9980069994926453 位置 (73, 890) 缩放类型 none 缩放比例 1
2023-03-22 15:36:53.488 | DEBUG    | scripts.marked.tpl_match:tpl_match:170 - 模版匹配执行完毕：最高相似度 0.9980060458183289 位置 (73, 890) 缩放类型 none 缩放比例 1
2023-03-22 15:36:53.726 | DEBUG    | scripts.marked.tpl_match:tpl_match:170 - 模版匹配执行完毕：最高相似度 0.9980051517486572 位置 (73, 890) 缩放类型 none 缩放比例 1
2023-03-22 15:36:53.986 | DEBUG    | scripts.marked.tpl_match:tpl_match:170 - 模版匹配执行完毕：最高相似度 0.9980061054229736 位置 (73, 890) 缩放类型 none 缩放比例 1
2023-03-22 15:36:54.253 | DEBUG    | scripts.marked.tpl_match:tpl_match:170 - 模版匹配执行完毕：最高相似度 0.998005747795105 位置 (73, 890) 缩放类型 none 缩放比例 1
2023-03-22 15:36:54.545 | DEBUG    | scripts.marked.tpl_match:tpl_match:170 - 模版匹配执行完毕：最高相似度 0.9980061054229736 位置 (73, 890) 缩放类型 none 缩放比例 1
2023-03-22 15:36:54.841 | DEBUG    | scripts.marked.tpl_match:tpl_match:170 - 模版匹配执行完毕：最高相似度 0.9980042576789856 位置 (73, 890) 缩放类型 none 缩放比例 1
2023-03-22 15:36:55.124 | DEBUG    | scripts.marked.tpl_match:tpl_match:170 - 模版匹配执行完毕：最高相似度 0.998005211353302 位置 (73, 890) 缩放类型 none 缩放比例 1
2023-03-22 15:36:55.399 | DEBUG    | scripts.marked.tpl_match:tpl_match:170 - 模版匹配执行完毕：最高相似度 0.9980067610740662 位置 (73, 890) 缩放类型 none 缩放比例 1
2023-03-22 15:36:55.666 | DEBUG    | scripts.marked.tpl_match:tpl_match:170 - 模版匹配执行完毕：最高相似度 0.9980082511901855 位置 (73, 890) 缩放类型 none 缩放比例 1
2023-03-22 15:36:55.928 | DEBUG    | scripts.marked.tpl_match:tpl_match:170 - 模版匹配执行完毕：最高相似度 0.9980089068412781 位置 (73, 890) 缩放类型 none 缩放比例 1
2023-03-22 15:36:56.193 | DEBUG    | scripts.marked.tpl_match:tpl_match:170 - 模版匹配执行完毕：最高相似度 0.9983377456665039 位置 (73, 890) 缩放类型 none 缩放比例 1
2023-03-22 15:36:56.446 | DEBUG    | scripts.marked.tpl_match:tpl_match:170 - 模版匹配执行完毕：最高相似度 0.998350977897644 位置 (73, 890) 缩放类型 none 缩放比例 1
2023-03-22 15:36:56.707 | DEBUG    | scripts.marked.tpl_match:tpl_match:170 - 模版匹配执行完毕：最高相似度 0.9983441829681396 位置 (73, 890) 缩放类型 none 缩放比例 1
2023-03-22 15:36:56.994 | DEBUG    | scripts.marked.tpl_match:tpl_match:170 - 模版匹配执行完毕：最高相似度 0.9983423948287964 位置 (73, 890) 缩放类型 none 缩放比例 1
2023-03-22 15:36:57.266 | DEBUG    | scripts.marked.tpl_match:tpl_match:170 - 模版匹配执行完毕：最高相似度 0.9983431100845337 位置 (73, 890) 缩放类型 none 缩放比例 1
2023-03-22 15:36:57.548 | DEBUG    | scripts.marked.tpl_match:tpl_match:170 - 模版匹配执行完毕：最高相似度 0.998343825340271 位置 (73, 890) 缩放类型 none 缩放比例 1
2023-03-22 15:36:57.825 | DEBUG    | scripts.marked.tpl_match:tpl_match:170 - 模版匹配执行完毕：最高相似度 0.9983431100845337 位置 (73, 890) 缩放类型 none 缩放比例 1
2023-03-22 15:36:58.094 | DEBUG    | scripts.marked.tpl_match:tpl_match:170 - 模版匹配执行完毕：最高相似度 0.998343825340271 位置 (73, 890) 缩放类型 none 缩放比例 1
2023-03-22 15:36:58.345 | DEBUG    | scripts.marked.tpl_match:tpl_match:170 - 模版匹配执行完毕：最高相似度 0.9983451962471008 位置 (73, 890) 缩放类型 none 缩放比例 1
2023-03-22 15:36:58.600 | DEBUG    | scripts.marked.tpl_match:tpl_match:170 - 模版匹配执行完毕：最高相似度 0.9983433485031128 位置 (73, 890) 缩放类型 none 缩放比例 1
2023-03-22 15:36:58.845 | DEBUG    | scripts.marked.tpl_match:tpl_match:170 - 模版匹配执行完毕：最高相似度 0.9983422756195068 位置 (73, 890) 缩放类型 none 缩放比例 1
2023-03-22 15:36:59.104 | DEBUG    | scripts.marked.tpl_match:tpl_match:170 - 模版匹配执行完毕：最高相似度 0.9983436465263367 位置 (73, 890) 缩放类型 none 缩放比例 1
2023-03-22 15:36:59.347 | DEBUG    | scripts.marked.tpl_match:tpl_match:170 - 模版匹配执行完毕：最高相似度 0.9983429312705994 位置 (73, 890) 缩放类型 none 缩放比例 1
2023-03-22 15:36:59.597 | DEBUG    | scripts.marked.tpl_match:tpl_match:170 - 模版匹配执行完毕：最高相似度 0.9983450174331665 位置 (73, 890) 缩放类型 none 缩放比例 1
2023-03-22 15:36:59.878 | DEBUG    | scripts.marked.tpl_match:tpl_match:170 - 模版匹配执行完毕：最高相似度 0.9983429312705994 位置 (73, 890) 缩放类型 none 缩放比例 1
2023-03-22 15:37:00.173 | DEBUG    | scripts.marked.tpl_match:tpl_match:170 - 模版匹配执行完毕：最高相似度 0.9983447790145874 位置 (73, 890) 缩放类型 none 缩放比例 1
2023-03-22 15:37:00.442 | DEBUG    | scripts.marked.tpl_match:tpl_match:170 - 模版匹配执行完毕：最高相似度 0.9983447790145874 位置 (73, 890) 缩放类型 none 缩放比例 1
2023-03-22 15:37:00.716 | DEBUG    | scripts.marked.tpl_match:tpl_match:170 - 模版匹配执行完毕：最高相似度 0.9983447790145874 位置 (73, 890) 缩放类型 none 缩放比例 1
2023-03-22 15:37:01.048 | DEBUG    | scripts.marked.tpl_match:tpl_match:170 - 模版匹配执行完毕：最高相似度 0.8629304766654968 位置 (81, 893) 缩放类型 tpl 缩放比例 0.99
2023-03-22 15:37:01.325 | DEBUG    | scripts.marked.tpl_match:tpl_match:170 - 模版匹配执行完毕：最高相似度 0.8206022381782532 位置 (202, 930) 缩放类型 tpl 缩放比例 0.69
2023-03-22 15:37:01.330 | INFO     | scripts.marked.marked_calculate:__file_idx_to_frame_idx:60 - _file_idx_to_frame_idx：125 >> 00000126
2023-03-22 15:37:01.330 | INFO     | scripts.marked.marked_calculate:__get_file_list:51 - 一共 365 个视频帧画面
2023-03-22 15:37:01.330 | INFO     | scripts.marked.marked_calculate:__run_search:79 - 目标帧：cos1679470585/DocumentOpenFileQBTests_testDocumentOpenFileQB1mWordTimeConsuming_1679470582/end.png
2023-03-22 15:37:01.574 | DEBUG    | scripts.marked.tpl_match:tpl_match:170 - 模版匹配执行完毕：最高相似度 0.4150395393371582 位置 (219, 1321) 缩放类型 tpl 缩放比例 0.63
2023-03-22 15:37:01.810 | DEBUG    | scripts.marked.tpl_match:tpl_match:170 - 模版匹配执行完毕：最高相似度 0.4060251712799072 位置 (254, 1309) 缩放类型 tpl 缩放比例 0.63
2023-03-22 15:37:02.089 | DEBUG    | scripts.marked.tpl_match:tpl_match:170 - 模版匹配执行完毕：最高相似度 0.39551904797554016 位置 (77, 1288) 缩放类型 tpl 缩放比例 0.63
2023-03-22 15:37:02.317 | DEBUG    | scripts.marked.tpl_match:tpl_match:170 - 模版匹配执行完毕：最高相似度 0.37876176834106445 位置 (7, 254) 缩放类型 tpl 缩放比例 0.75
2023-03-22 15:37:02.564 | DEBUG    | scripts.marked.tpl_match:tpl_match:170 - 模版匹配执行完毕：最高相似度 0.2535356879234314 位置 (413, 64) 缩放类型 tpl 缩放比例 0.69
2023-03-22 15:37:02.805 | DEBUG    | scripts.marked.tpl_match:tpl_match:170 - 模版匹配执行完毕：最高相似度 0.2542676627635956 位置 (388, 58) 缩放类型 tpl 缩放比例 0.72
2023-03-22 15:37:03.070 | DEBUG    | scripts.marked.tpl_match:tpl_match:170 - 模版匹配执行完毕：最高相似度 0.25363633036613464 位置 (254, 33) 缩放类型 tpl 缩放比例 0.72
2023-03-22 15:37:03.324 | DEBUG    | scripts.marked.tpl_match:tpl_match:170 - 模版匹配执行完毕：最高相似度 0.2541099190711975 位置 (359, 15) 缩放类型 tpl 缩放比例 0.72
2023-03-22 15:37:03.552 | DEBUG    | scripts.marked.tpl_match:tpl_match:170 - 模版匹配执行完毕：最高相似度 0.25373244285583496 位置 (343, 2) 缩放类型 tpl 缩放比例 0.6599999999999999
2023-03-22 15:37:03.793 | DEBUG    | scripts.marked.tpl_match:tpl_match:170 - 模版匹配执行完毕：最高相似度 0.26128333806991577 位置 (241, 1634) 缩放类型 tpl 缩放比例 0.63
2023-03-22 15:37:04.044 | DEBUG    | scripts.marked.tpl_match:tpl_match:170 - 模版匹配执行完毕：最高相似度 0.26266345381736755 位置 (230, 1644) 缩放类型 tpl 缩放比例 0.63
2023-03-22 15:37:04.343 | DEBUG    | scripts.marked.tpl_match:tpl_match:170 - 模版匹配执行完毕：最高相似度 0.26894837617874146 位置 (266, 1655) 缩放类型 tpl 缩放比例 0.63
2023-03-22 15:37:04.613 | DEBUG    | scripts.marked.tpl_match:tpl_match:170 - 模版匹配执行完毕：最高相似度 0.2716797888278961 位置 (183, 1660) 缩放类型 tpl 缩放比例 0.63
2023-03-22 15:37:04.860 | DEBUG    | scripts.marked.tpl_match:tpl_match:170 - 模版匹配执行完毕：最高相似度 0.2987728714942932 位置 (201, 1664) 缩放类型 tpl 缩放比例 0.6599999999999999
2023-03-22 15:37:05.158 | DEBUG    | scripts.marked.tpl_match:tpl_match:170 - 模版匹配执行完毕：最高相似度 0.26374688744544983 位置 (199, 866) 缩放类型 tpl 缩放比例 0.63
2023-03-22 15:37:05.419 | DEBUG    | scripts.marked.tpl_match:tpl_match:170 - 模版匹配执行完毕：最高相似度 0.26482102274894714 位置 (198, 866) 缩放类型 tpl 缩放比例 0.63
2023-03-22 15:37:05.685 | DEBUG    | scripts.marked.tpl_match:tpl_match:170 - 模版匹配执行完毕：最高相似度 0.17465902864933014 位置 (265, 1693) 缩放类型 tpl 缩放比例 0.63
2023-03-22 15:37:05.965 | DEBUG    | scripts.marked.tpl_match:tpl_match:170 - 模版匹配执行完毕：最高相似度 0.17908544838428497 位置 (188, 1693) 缩放类型 tpl 缩放比例 0.63
2023-03-22 15:37:06.245 | DEBUG    | scripts.marked.tpl_match:tpl_match:170 - 模版匹配执行完毕：最高相似度 0.18240803480148315 位置 (200, 1695) 缩放类型 tpl 缩放比例 0.63
2023-03-22 15:37:06.512 | DEBUG    | scripts.marked.tpl_match:tpl_match:170 - 模版匹配执行完毕：最高相似度 0.18069814145565033 位置 (191, 1695) 缩放类型 tpl 缩放比例 0.63
2023-03-22 15:37:06.774 | DEBUG    | scripts.marked.tpl_match:tpl_match:170 - 模版匹配执行完毕：最高相似度 0.18099921941757202 位置 (190, 1695) 缩放类型 tpl 缩放比例 0.63
2023-03-22 15:37:07.043 | DEBUG    | scripts.marked.tpl_match:tpl_match:170 - 模版匹配执行完毕：最高相似度 0.177740216255188 位置 (188, 1696) 缩放类型 tpl 缩放比例 0.63
2023-03-22 15:37:07.310 | DEBUG    | scripts.marked.tpl_match:tpl_match:170 - 模版匹配执行完毕：最高相似度 0.17852658033370972 位置 (264, 1695) 缩放类型 tpl 缩放比例 0.63
2023-03-22 15:37:07.570 | DEBUG    | scripts.marked.tpl_match:tpl_match:170 - 模版匹配执行完毕：最高相似度 0.22418594360351562 位置 (149, 931) 缩放类型 tpl 缩放比例 0.69
2023-03-22 15:37:07.827 | DEBUG    | scripts.marked.tpl_match:tpl_match:170 - 模版匹配执行完毕：最高相似度 0.22417598962783813 位置 (149, 931) 缩放类型 tpl 缩放比例 0.69
2023-03-22 15:37:08.106 | DEBUG    | scripts.marked.tpl_match:tpl_match:170 - 模版匹配执行完毕：最高相似度 0.22421319782733917 位置 (149, 931) 缩放类型 tpl 缩放比例 0.69
2023-03-22 15:37:08.362 | DEBUG    | scripts.marked.tpl_match:tpl_match:170 - 模版匹配执行完毕：最高相似度 0.22413121163845062 位置 (149, 931) 缩放类型 tpl 缩放比例 0.69
2023-03-22 15:37:08.616 | DEBUG    | scripts.marked.tpl_match:tpl_match:170 - 模版匹配执行完毕：最高相似度 0.22413389384746552 位置 (149, 931) 缩放类型 tpl 缩放比例 0.69
2023-03-22 15:37:08.850 | DEBUG    | scripts.marked.tpl_match:tpl_match:170 - 模版匹配执行完毕：最高相似度 0.22413551807403564 位置 (149, 931) 缩放类型 tpl 缩放比例 0.69
2023-03-22 15:37:09.110 | DEBUG    | scripts.marked.tpl_match:tpl_match:170 - 模版匹配执行完毕：最高相似度 0.22407877445220947 位置 (149, 931) 缩放类型 tpl 缩放比例 0.69
2023-03-22 15:37:09.359 | DEBUG    | scripts.marked.tpl_match:tpl_match:170 - 模版匹配执行完毕：最高相似度 0.22413302958011627 位置 (149, 931) 缩放类型 tpl 缩放比例 0.69
2023-03-22 15:37:09.630 | DEBUG    | scripts.marked.tpl_match:tpl_match:170 - 模版匹配执行完毕：最高相似度 0.20710279047489166 位置 (284, 932) 缩放类型 tpl 缩放比例 0.69
2023-03-22 15:37:09.875 | DEBUG    | scripts.marked.tpl_match:tpl_match:170 - 模版匹配执行完毕：最高相似度 0.20712006092071533 位置 (284, 932) 缩放类型 tpl 缩放比例 0.69
2023-03-22 15:37:10.134 | DEBUG    | scripts.marked.tpl_match:tpl_match:170 - 模版匹配执行完毕：最高相似度 0.2070818394422531 位置 (284, 932) 缩放类型 tpl 缩放比例 0.69
2023-03-22 15:37:10.404 | DEBUG    | scripts.marked.tpl_match:tpl_match:170 - 模版匹配执行完毕：最高相似度 0.4715593755245209 位置 (180, 281) 缩放类型 tpl 缩放比例 0.72
2023-03-22 15:37:10.693 | DEBUG    | scripts.marked.tpl_match:tpl_match:170 - 模版匹配执行完毕：最高相似度 0.47152116894721985 位置 (180, 281) 缩放类型 tpl 缩放比例 0.72
2023-03-22 15:37:10.976 | DEBUG    | scripts.marked.tpl_match:tpl_match:170 - 模版匹配执行完毕：最高相似度 0.4714905321598053 位置 (180, 281) 缩放类型 tpl 缩放比例 0.72
2023-03-22 15:37:11.275 | DEBUG    | scripts.marked.tpl_match:tpl_match:170 - 模版匹配执行完毕：最高相似度 0.4715110957622528 位置 (180, 281) 缩放类型 tpl 缩放比例 0.72
2023-03-22 15:37:11.524 | DEBUG    | scripts.marked.tpl_match:tpl_match:170 - 模版匹配执行完毕：最高相似度 0.47149962186813354 位置 (180, 281) 缩放类型 tpl 缩放比例 0.72
2023-03-22 15:37:11.778 | DEBUG    | scripts.marked.tpl_match:tpl_match:170 - 模版匹配执行完毕：最高相似度 0.4715021848678589 位置 (180, 281) 缩放类型 tpl 缩放比例 0.72
2023-03-22 15:37:12.078 | DEBUG    | scripts.marked.tpl_match:tpl_match:170 - 模版匹配执行完毕：最高相似度 0.4715046286582947 位置 (180, 281) 缩放类型 tpl 缩放比例 0.72
2023-03-22 15:37:12.323 | DEBUG    | scripts.marked.tpl_match:tpl_match:170 - 模版匹配执行完毕：最高相似度 0.47150537371635437 位置 (180, 281) 缩放类型 tpl 缩放比例 0.72
2023-03-22 15:37:12.568 | DEBUG    | scripts.marked.tpl_match:tpl_match:170 - 模版匹配执行完毕：最高相似度 0.471505343914032 位置 (180, 281) 缩放类型 tpl 缩放比例 0.72
2023-03-22 15:37:12.824 | DEBUG    | scripts.marked.tpl_match:tpl_match:170 - 模版匹配执行完毕：最高相似度 0.47150537371635437 位置 (180, 281) 缩放类型 tpl 缩放比例 0.72
2023-03-22 15:37:13.087 | DEBUG    | scripts.marked.tpl_match:tpl_match:170 - 模版匹配执行完毕：最高相似度 0.471505343914032 位置 (180, 281) 缩放类型 tpl 缩放比例 0.72
2023-03-22 15:37:13.345 | DEBUG    | scripts.marked.tpl_match:tpl_match:170 - 模版匹配执行完毕：最高相似度 0.4714973270893097 位置 (180, 281) 缩放类型 tpl 缩放比例 0.72
2023-03-22 15:37:13.588 | DEBUG    | scripts.marked.tpl_match:tpl_match:170 - 模版匹配执行完毕：最高相似度 0.4715048372745514 位置 (180, 281) 缩放类型 tpl 缩放比例 0.72
2023-03-22 15:37:13.840 | DEBUG    | scripts.marked.tpl_match:tpl_match:170 - 模版匹配执行完毕：最高相似度 0.471525639295578 位置 (180, 281) 缩放类型 tpl 缩放比例 0.72
2023-03-22 15:37:14.078 | DEBUG    | scripts.marked.tpl_match:tpl_match:170 - 模版匹配执行完毕：最高相似度 0.47154414653778076 位置 (180, 281) 缩放类型 tpl 缩放比例 0.72
2023-03-22 15:37:14.321 | DEBUG    | scripts.marked.tpl_match:tpl_match:170 - 模版匹配执行完毕：最高相似度 0.47154515981674194 位置 (180, 281) 缩放类型 tpl 缩放比例 0.72
2023-03-22 15:37:14.559 | DEBUG    | scripts.marked.tpl_match:tpl_match:170 - 模版匹配执行完毕：最高相似度 0.47154515981674194 位置 (180, 281) 缩放类型 tpl 缩放比例 0.72
2023-03-22 15:37:14.821 | DEBUG    | scripts.marked.tpl_match:tpl_match:170 - 模版匹配执行完毕：最高相似度 0.4715456962585449 位置 (180, 281) 缩放类型 tpl 缩放比例 0.72
2023-03-22 15:37:15.111 | DEBUG    | scripts.marked.tpl_match:tpl_match:170 - 模版匹配执行完毕：最高相似度 0.47154414653778076 位置 (180, 281) 缩放类型 tpl 缩放比例 0.72
2023-03-22 15:37:15.360 | DEBUG    | scripts.marked.tpl_match:tpl_match:170 - 模版匹配执行完毕：最高相似度 0.47154000401496887 位置 (180, 281) 缩放类型 tpl 缩放比例 0.72
2023-03-22 15:37:15.613 | DEBUG    | scripts.marked.tpl_match:tpl_match:170 - 模版匹配执行完毕：最高相似度 0.4715377986431122 位置 (180, 281) 缩放类型 tpl 缩放比例 0.72
2023-03-22 15:37:15.873 | DEBUG    | scripts.marked.tpl_match:tpl_match:170 - 模版匹配执行完毕：最高相似度 0.4715377986431122 位置 (180, 281) 缩放类型 tpl 缩放比例 0.72
2023-03-22 15:37:16.142 | DEBUG    | scripts.marked.tpl_match:tpl_match:170 - 模版匹配执行完毕：最高相似度 0.4715367555618286 位置 (180, 281) 缩放类型 tpl 缩放比例 0.72
2023-03-22 15:37:16.416 | DEBUG    | scripts.marked.tpl_match:tpl_match:170 - 模版匹配执行完毕：最高相似度 0.4715362787246704 位置 (180, 281) 缩放类型 tpl 缩放比例 0.72
2023-03-22 15:37:16.683 | DEBUG    | scripts.marked.tpl_match:tpl_match:170 - 模版匹配执行完毕：最高相似度 0.4715297520160675 位置 (180, 281) 缩放类型 tpl 缩放比例 0.72
2023-03-22 15:37:16.946 | DEBUG    | scripts.marked.tpl_match:tpl_match:170 - 模版匹配执行完毕：最高相似度 0.47151994705200195 位置 (180, 281) 缩放类型 tpl 缩放比例 0.72
2023-03-22 15:37:17.213 | DEBUG    | scripts.marked.tpl_match:tpl_match:170 - 模版匹配执行完毕：最高相似度 0.47152000665664673 位置 (180, 281) 缩放类型 tpl 缩放比例 0.72
2023-03-22 15:37:17.501 | DEBUG    | scripts.marked.tpl_match:tpl_match:170 - 模版匹配执行完毕：最高相似度 0.47151947021484375 位置 (180, 281) 缩放类型 tpl 缩放比例 0.72
2023-03-22 15:37:17.772 | DEBUG    | scripts.marked.tpl_match:tpl_match:170 - 模版匹配执行完毕：最高相似度 0.47151947021484375 位置 (180, 281) 缩放类型 tpl 缩放比例 0.72
2023-03-22 15:37:18.080 | DEBUG    | scripts.marked.tpl_match:tpl_match:170 - 模版匹配执行完毕：最高相似度 0.47151947021484375 位置 (180, 281) 缩放类型 tpl 缩放比例 0.72
2023-03-22 15:37:18.335 | DEBUG    | scripts.marked.tpl_match:tpl_match:170 - 模版匹配执行完毕：最高相似度 0.47152000665664673 位置 (180, 281) 缩放类型 tpl 缩放比例 0.72
2023-03-22 15:37:18.592 | DEBUG    | scripts.marked.tpl_match:tpl_match:170 - 模版匹配执行完毕：最高相似度 0.47151947021484375 位置 (180, 281) 缩放类型 tpl 缩放比例 0.72
2023-03-22 15:37:18.856 | DEBUG    | scripts.marked.tpl_match:tpl_match:170 - 模版匹配执行完毕：最高相似度 0.47151947021484375 位置 (180, 281) 缩放类型 tpl 缩放比例 0.72
2023-03-22 15:37:19.104 | DEBUG    | scripts.marked.tpl_match:tpl_match:170 - 模版匹配执行完毕：最高相似度 0.47152000665664673 位置 (180, 281) 缩放类型 tpl 缩放比例 0.72
2023-03-22 15:37:19.350 | DEBUG    | scripts.marked.tpl_match:tpl_match:170 - 模版匹配执行完毕：最高相似度 0.47151947021484375 位置 (180, 281) 缩放类型 tpl 缩放比例 0.72
2023-03-22 15:37:19.605 | DEBUG    | scripts.marked.tpl_match:tpl_match:170 - 模版匹配执行完毕：最高相似度 0.47151947021484375 位置 (180, 281) 缩放类型 tpl 缩放比例 0.72
2023-03-22 15:37:19.834 | DEBUG    | scripts.marked.tpl_match:tpl_match:170 - 模版匹配执行完毕：最高相似度 0.47151947021484375 位置 (180, 281) 缩放类型 tpl 缩放比例 0.72
2023-03-22 15:37:20.083 | DEBUG    | scripts.marked.tpl_match:tpl_match:170 - 模版匹配执行完毕：最高相似度 0.47152000665664673 位置 (180, 281) 缩放类型 tpl 缩放比例 0.72
2023-03-22 15:37:20.322 | DEBUG    | scripts.marked.tpl_match:tpl_match:170 - 模版匹配执行完毕：最高相似度 0.47150924801826477 位置 (180, 281) 缩放类型 tpl 缩放比例 0.72
2023-03-22 15:37:20.572 | DEBUG    | scripts.marked.tpl_match:tpl_match:170 - 模版匹配执行完毕：最高相似度 0.4715014100074768 位置 (180, 281) 缩放类型 tpl 缩放比例 0.72
2023-03-22 15:37:20.831 | DEBUG    | scripts.marked.tpl_match:tpl_match:170 - 模版匹配执行完毕：最高相似度 0.4715014100074768 位置 (180, 281) 缩放类型 tpl 缩放比例 0.72
2023-03-22 15:37:21.093 | DEBUG    | scripts.marked.tpl_match:tpl_match:170 - 模版匹配执行完毕：最高相似度 0.4715014100074768 位置 (180, 281) 缩放类型 tpl 缩放比例 0.72
2023-03-22 15:37:21.343 | DEBUG    | scripts.marked.tpl_match:tpl_match:170 - 模版匹配执行完毕：最高相似度 0.4715014100074768 位置 (180, 281) 缩放类型 tpl 缩放比例 0.72
2023-03-22 15:37:21.593 | DEBUG    | scripts.marked.tpl_match:tpl_match:170 - 模版匹配执行完毕：最高相似度 0.4715019166469574 位置 (180, 281) 缩放类型 tpl 缩放比例 0.72
2023-03-22 15:37:21.829 | DEBUG    | scripts.marked.tpl_match:tpl_match:170 - 模版匹配执行完毕：最高相似度 0.4715014100074768 位置 (180, 281) 缩放类型 tpl 缩放比例 0.72
2023-03-22 15:37:22.069 | DEBUG    | scripts.marked.tpl_match:tpl_match:170 - 模版匹配执行完毕：最高相似度 0.4715014100074768 位置 (180, 281) 缩放类型 tpl 缩放比例 0.72
2023-03-22 15:37:22.309 | DEBUG    | scripts.marked.tpl_match:tpl_match:170 - 模版匹配执行完毕：最高相似度 0.4715014100074768 位置 (180, 281) 缩放类型 tpl 缩放比例 0.72
2023-03-22 15:37:22.567 | DEBUG    | scripts.marked.tpl_match:tpl_match:170 - 模版匹配执行完毕：最高相似度 0.4715014100074768 位置 (180, 281) 缩放类型 tpl 缩放比例 0.72
2023-03-22 15:37:22.810 | DEBUG    | scripts.marked.tpl_match:tpl_match:170 - 模版匹配执行完毕：最高相似度 0.4715019166469574 位置 (180, 281) 缩放类型 tpl 缩放比例 0.72
2023-03-22 15:37:23.060 | DEBUG    | scripts.marked.tpl_match:tpl_match:170 - 模版匹配执行完毕：最高相似度 0.4715014100074768 位置 (180, 281) 缩放类型 tpl 缩放比例 0.72
2023-03-22 15:37:23.306 | DEBUG    | scripts.marked.tpl_match:tpl_match:170 - 模版匹配执行完毕：最高相似度 0.47150087356567383 位置 (180, 281) 缩放类型 tpl 缩放比例 0.72
2023-03-22 15:37:23.553 | DEBUG    | scripts.marked.tpl_match:tpl_match:170 - 模版匹配执行完毕：最高相似度 0.4715014100074768 位置 (180, 281) 缩放类型 tpl 缩放比例 0.72
2023-03-22 15:37:23.797 | DEBUG    | scripts.marked.tpl_match:tpl_match:170 - 模版匹配执行完毕：最高相似度 0.4715014100074768 位置 (180, 281) 缩放类型 tpl 缩放比例 0.72
2023-03-22 15:37:24.055 | DEBUG    | scripts.marked.tpl_match:tpl_match:170 - 模版匹配执行完毕：最高相似度 0.4715019166469574 位置 (180, 281) 缩放类型 tpl 缩放比例 0.72
2023-03-22 15:37:24.307 | DEBUG    | scripts.marked.tpl_match:tpl_match:170 - 模版匹配执行完毕：最高相似度 0.4715014100074768 位置 (180, 281) 缩放类型 tpl 缩放比例 0.72
2023-03-22 15:37:24.559 | DEBUG    | scripts.marked.tpl_match:tpl_match:170 - 模版匹配执行完毕：最高相似度 0.4715014100074768 位置 (180, 281) 缩放类型 tpl 缩放比例 0.72
2023-03-22 15:37:24.826 | DEBUG    | scripts.marked.tpl_match:tpl_match:170 - 模版匹配执行完毕：最高相似度 0.4715014100074768 位置 (180, 281) 缩放类型 tpl 缩放比例 0.72
2023-03-22 15:37:25.076 | DEBUG    | scripts.marked.tpl_match:tpl_match:170 - 模版匹配执行完毕：最高相似度 0.4715014100074768 位置 (180, 281) 缩放类型 tpl 缩放比例 0.72
2023-03-22 15:37:25.343 | DEBUG    | scripts.marked.tpl_match:tpl_match:170 - 模版匹配执行完毕：最高相似度 0.4715019166469574 位置 (180, 281) 缩放类型 tpl 缩放比例 0.72
2023-03-22 15:37:25.590 | DEBUG    | scripts.marked.tpl_match:tpl_match:170 - 模版匹配执行完毕：最高相似度 0.4715014100074768 位置 (180, 281) 缩放类型 tpl 缩放比例 0.72
2023-03-22 15:37:25.832 | DEBUG    | scripts.marked.tpl_match:tpl_match:170 - 模版匹配执行完毕：最高相似度 0.4715014100074768 位置 (180, 281) 缩放类型 tpl 缩放比例 0.72
2023-03-22 15:37:26.103 | DEBUG    | scripts.marked.tpl_match:tpl_match:170 - 模版匹配执行完毕：最高相似度 0.4715001881122589 位置 (180, 281) 缩放类型 tpl 缩放比例 0.72
2023-03-22 15:37:26.359 | DEBUG    | scripts.marked.tpl_match:tpl_match:170 - 模版匹配执行完毕：最高相似度 0.4715723693370819 位置 (180, 281) 缩放类型 tpl 缩放比例 0.72
2023-03-22 15:37:26.628 | DEBUG    | scripts.marked.tpl_match:tpl_match:170 - 模版匹配执行完毕：最高相似度 0.4715246856212616 位置 (180, 281) 缩放类型 tpl 缩放比例 0.72
2023-03-22 15:37:26.899 | DEBUG    | scripts.marked.tpl_match:tpl_match:170 - 模版匹配执行完毕：最高相似度 0.47159630060195923 位置 (180, 281) 缩放类型 tpl 缩放比例 0.72
2023-03-22 15:37:27.188 | DEBUG    | scripts.marked.tpl_match:tpl_match:170 - 模版匹配执行完毕：最高相似度 0.47159630060195923 位置 (180, 281) 缩放类型 tpl 缩放比例 0.72
2023-03-22 15:37:27.479 | DEBUG    | scripts.marked.tpl_match:tpl_match:170 - 模版匹配执行完毕：最高相似度 0.47159630060195923 位置 (180, 281) 缩放类型 tpl 缩放比例 0.72
2023-03-22 15:37:27.750 | DEBUG    | scripts.marked.tpl_match:tpl_match:170 - 模版匹配执行完毕：最高相似度 0.47159630060195923 位置 (180, 281) 缩放类型 tpl 缩放比例 0.72
2023-03-22 15:37:28.012 | DEBUG    | scripts.marked.tpl_match:tpl_match:170 - 模版匹配执行完毕：最高相似度 0.4715968370437622 位置 (180, 281) 缩放类型 tpl 缩放比例 0.72
2023-03-22 15:37:28.287 | DEBUG    | scripts.marked.tpl_match:tpl_match:170 - 模版匹配执行完毕：最高相似度 0.47159630060195923 位置 (180, 281) 缩放类型 tpl 缩放比例 0.72
2023-03-22 15:37:28.586 | DEBUG    | scripts.marked.tpl_match:tpl_match:170 - 模版匹配执行完毕：最高相似度 0.47159630060195923 位置 (180, 281) 缩放类型 tpl 缩放比例 0.72
2023-03-22 15:37:28.892 | DEBUG    | scripts.marked.tpl_match:tpl_match:170 - 模版匹配执行完毕：最高相似度 0.47159630060195923 位置 (180, 281) 缩放类型 tpl 缩放比例 0.72
2023-03-22 15:37:29.148 | DEBUG    | scripts.marked.tpl_match:tpl_match:170 - 模版匹配执行完毕：最高相似度 0.47159630060195923 位置 (180, 281) 缩放类型 tpl 缩放比例 0.72
2023-03-22 15:37:29.388 | DEBUG    | scripts.marked.tpl_match:tpl_match:170 - 模版匹配执行完毕：最高相似度 0.4715968370437622 位置 (180, 281) 缩放类型 tpl 缩放比例 0.72
2023-03-22 15:37:29.623 | DEBUG    | scripts.marked.tpl_match:tpl_match:170 - 模版匹配执行完毕：最高相似度 0.47159630060195923 位置 (180, 281) 缩放类型 tpl 缩放比例 0.72
2023-03-22 15:37:29.852 | DEBUG    | scripts.marked.tpl_match:tpl_match:170 - 模版匹配执行完毕：最高相似度 0.47159630060195923 位置 (180, 281) 缩放类型 tpl 缩放比例 0.72
2023-03-22 15:37:30.118 | DEBUG    | scripts.marked.tpl_match:tpl_match:170 - 模版匹配执行完毕：最高相似度 0.47159630060195923 位置 (180, 281) 缩放类型 tpl 缩放比例 0.72
2023-03-22 15:37:30.367 | DEBUG    | scripts.marked.tpl_match:tpl_match:170 - 模版匹配执行完毕：最高相似度 0.47159630060195923 位置 (180, 281) 缩放类型 tpl 缩放比例 0.72
2023-03-22 15:37:30.599 | DEBUG    | scripts.marked.tpl_match:tpl_match:170 - 模版匹配执行完毕：最高相似度 0.4715968370437622 位置 (180, 281) 缩放类型 tpl 缩放比例 0.72
2023-03-22 15:37:30.845 | DEBUG    | scripts.marked.tpl_match:tpl_match:170 - 模版匹配执行完毕：最高相似度 0.47159630060195923 位置 (180, 281) 缩放类型 tpl 缩放比例 0.72
2023-03-22 15:37:31.090 | DEBUG    | scripts.marked.tpl_match:tpl_match:170 - 模版匹配执行完毕：最高相似度 0.47159630060195923 位置 (180, 281) 缩放类型 tpl 缩放比例 0.72
2023-03-22 15:37:31.358 | DEBUG    | scripts.marked.tpl_match:tpl_match:170 - 模版匹配执行完毕：最高相似度 0.47159630060195923 位置 (180, 281) 缩放类型 tpl 缩放比例 0.72
2023-03-22 15:37:31.612 | DEBUG    | scripts.marked.tpl_match:tpl_match:170 - 模版匹配执行完毕：最高相似度 0.47159630060195923 位置 (180, 281) 缩放类型 tpl 缩放比例 0.72
2023-03-22 15:37:31.883 | DEBUG    | scripts.marked.tpl_match:tpl_match:170 - 模版匹配执行完毕：最高相似度 0.47159630060195923 位置 (180, 281) 缩放类型 tpl 缩放比例 0.72
2023-03-22 15:37:32.126 | DEBUG    | scripts.marked.tpl_match:tpl_match:170 - 模版匹配执行完毕：最高相似度 0.4715968370437622 位置 (180, 281) 缩放类型 tpl 缩放比例 0.72
2023-03-22 15:37:32.369 | DEBUG    | scripts.marked.tpl_match:tpl_match:170 - 模版匹配执行完毕：最高相似度 0.4715973734855652 位置 (180, 281) 缩放类型 tpl 缩放比例 0.72
2023-03-22 15:37:32.616 | DEBUG    | scripts.marked.tpl_match:tpl_match:170 - 模版匹配执行完毕：最高相似度 0.4715796411037445 位置 (180, 281) 缩放类型 tpl 缩放比例 0.72
2023-03-22 15:37:32.862 | DEBUG    | scripts.marked.tpl_match:tpl_match:170 - 模版匹配执行完毕：最高相似度 0.4715830385684967 位置 (180, 281) 缩放类型 tpl 缩放比例 0.72
2023-03-22 15:37:33.129 | DEBUG    | scripts.marked.tpl_match:tpl_match:170 - 模版匹配执行完毕：最高相似度 0.47159528732299805 位置 (180, 281) 缩放类型 tpl 缩放比例 0.72
2023-03-22 15:37:33.372 | DEBUG    | scripts.marked.tpl_match:tpl_match:170 - 模版匹配执行完毕：最高相似度 0.47159528732299805 位置 (180, 281) 缩放类型 tpl 缩放比例 0.72
2023-03-22 15:37:33.607 | DEBUG    | scripts.marked.tpl_match:tpl_match:170 - 模版匹配执行完毕：最高相似度 0.471595823764801 位置 (180, 281) 缩放类型 tpl 缩放比例 0.72
2023-03-22 15:37:33.860 | DEBUG    | scripts.marked.tpl_match:tpl_match:170 - 模版匹配执行完毕：最高相似度 0.471595823764801 位置 (180, 281) 缩放类型 tpl 缩放比例 0.72
2023-03-22 15:37:34.108 | DEBUG    | scripts.marked.tpl_match:tpl_match:170 - 模版匹配执行完毕：最高相似度 0.47159528732299805 位置 (180, 281) 缩放类型 tpl 缩放比例 0.72
2023-03-22 15:37:34.356 | DEBUG    | scripts.marked.tpl_match:tpl_match:170 - 模版匹配执行完毕：最高相似度 0.47116225957870483 位置 (180, 281) 缩放类型 tpl 缩放比例 0.72
2023-03-22 15:37:34.602 | DEBUG    | scripts.marked.tpl_match:tpl_match:170 - 模版匹配执行完毕：最高相似度 0.471141517162323 位置 (180, 281) 缩放类型 tpl 缩放比例 0.72
2023-03-22 15:37:34.859 | DEBUG    | scripts.marked.tpl_match:tpl_match:170 - 模版匹配执行完毕：最高相似度 0.4711475074291229 位置 (180, 281) 缩放类型 tpl 缩放比例 0.72
2023-03-22 15:37:35.112 | DEBUG    | scripts.marked.tpl_match:tpl_match:170 - 模版匹配执行完毕：最高相似度 0.4711482524871826 位置 (180, 281) 缩放类型 tpl 缩放比例 0.72
2023-03-22 15:37:35.371 | DEBUG    | scripts.marked.tpl_match:tpl_match:170 - 模版匹配执行完毕：最高相似度 0.4711482524871826 位置 (180, 281) 缩放类型 tpl 缩放比例 0.72
2023-03-22 15:37:35.625 | DEBUG    | scripts.marked.tpl_match:tpl_match:170 - 模版匹配执行完毕：最高相似度 0.4711482524871826 位置 (180, 281) 缩放类型 tpl 缩放比例 0.72
2023-03-22 15:37:35.882 | DEBUG    | scripts.marked.tpl_match:tpl_match:170 - 模版匹配执行完毕：最高相似度 0.4711482524871826 位置 (180, 281) 缩放类型 tpl 缩放比例 0.72
2023-03-22 15:37:36.145 | DEBUG    | scripts.marked.tpl_match:tpl_match:170 - 模版匹配执行完毕：最高相似度 0.4711482524871826 位置 (180, 281) 缩放类型 tpl 缩放比例 0.72
2023-03-22 15:37:36.399 | DEBUG    | scripts.marked.tpl_match:tpl_match:170 - 模版匹配执行完毕：最高相似度 0.4711482524871826 位置 (180, 281) 缩放类型 tpl 缩放比例 0.72
2023-03-22 15:37:36.662 | DEBUG    | scripts.marked.tpl_match:tpl_match:170 - 模版匹配执行完毕：最高相似度 0.4711482524871826 位置 (180, 281) 缩放类型 tpl 缩放比例 0.72
2023-03-22 15:37:36.940 | DEBUG    | scripts.marked.tpl_match:tpl_match:170 - 模版匹配执行完毕：最高相似度 0.4711482524871826 位置 (180, 281) 缩放类型 tpl 缩放比例 0.72
2023-03-22 15:37:37.214 | DEBUG    | scripts.marked.tpl_match:tpl_match:170 - 模版匹配执行完毕：最高相似度 0.4711482524871826 位置 (180, 281) 缩放类型 tpl 缩放比例 0.72
2023-03-22 15:37:37.488 | DEBUG    | scripts.marked.tpl_match:tpl_match:170 - 模版匹配执行完毕：最高相似度 0.4711482524871826 位置 (180, 281) 缩放类型 tpl 缩放比例 0.72
2023-03-22 15:37:37.743 | DEBUG    | scripts.marked.tpl_match:tpl_match:170 - 模版匹配执行完毕：最高相似度 0.4711482524871826 位置 (180, 281) 缩放类型 tpl 缩放比例 0.72
2023-03-22 15:37:38.017 | DEBUG    | scripts.marked.tpl_match:tpl_match:170 - 模版匹配执行完毕：最高相似度 0.4711482524871826 位置 (180, 281) 缩放类型 tpl 缩放比例 0.72
2023-03-22 15:37:38.261 | DEBUG    | scripts.marked.tpl_match:tpl_match:170 - 模版匹配执行完毕：最高相似度 0.4711482524871826 位置 (180, 281) 缩放类型 tpl 缩放比例 0.72
2023-03-22 15:37:38.523 | DEBUG    | scripts.marked.tpl_match:tpl_match:170 - 模版匹配执行完毕：最高相似度 0.4711482524871826 位置 (180, 281) 缩放类型 tpl 缩放比例 0.72
2023-03-22 15:37:38.797 | DEBUG    | scripts.marked.tpl_match:tpl_match:170 - 模版匹配执行完毕：最高相似度 0.4711482524871826 位置 (180, 281) 缩放类型 tpl 缩放比例 0.72
2023-03-22 15:37:39.069 | DEBUG    | scripts.marked.tpl_match:tpl_match:170 - 模版匹配执行完毕：最高相似度 0.4711482524871826 位置 (180, 281) 缩放类型 tpl 缩放比例 0.72
2023-03-22 15:37:39.347 | DEBUG    | scripts.marked.tpl_match:tpl_match:170 - 模版匹配执行完毕：最高相似度 0.4711482524871826 位置 (180, 281) 缩放类型 tpl 缩放比例 0.72
2023-03-22 15:37:39.617 | DEBUG    | scripts.marked.tpl_match:tpl_match:170 - 模版匹配执行完毕：最高相似度 0.47114911675453186 位置 (180, 281) 缩放类型 tpl 缩放比例 0.72
2023-03-22 15:37:39.877 | DEBUG    | scripts.marked.tpl_match:tpl_match:170 - 模版匹配执行完毕：最高相似度 0.4711514413356781 位置 (180, 281) 缩放类型 tpl 缩放比例 0.72
2023-03-22 15:37:40.104 | DEBUG    | scripts.marked.tpl_match:tpl_match:170 - 模版匹配执行完毕：最高相似度 0.47115135192871094 位置 (180, 281) 缩放类型 tpl 缩放比例 0.72
2023-03-22 15:37:40.338 | DEBUG    | scripts.marked.tpl_match:tpl_match:170 - 模版匹配执行完毕：最高相似度 0.47115185856819153 位置 (180, 281) 缩放类型 tpl 缩放比例 0.72
2023-03-22 15:37:40.568 | DEBUG    | scripts.marked.tpl_match:tpl_match:170 - 模版匹配执行完毕：最高相似度 0.47115185856819153 位置 (180, 281) 缩放类型 tpl 缩放比例 0.72
2023-03-22 15:37:40.812 | DEBUG    | scripts.marked.tpl_match:tpl_match:170 - 模版匹配执行完毕：最高相似度 0.47115185856819153 位置 (180, 281) 缩放类型 tpl 缩放比例 0.72
2023-03-22 15:37:41.069 | DEBUG    | scripts.marked.tpl_match:tpl_match:170 - 模版匹配执行完毕：最高相似度 0.47115185856819153 位置 (180, 281) 缩放类型 tpl 缩放比例 0.72
2023-03-22 15:37:41.333 | DEBUG    | scripts.marked.tpl_match:tpl_match:170 - 模版匹配执行完毕：最高相似度 0.47115135192871094 位置 (180, 281) 缩放类型 tpl 缩放比例 0.72
2023-03-22 15:37:41.586 | DEBUG    | scripts.marked.tpl_match:tpl_match:170 - 模版匹配执行完毕：最高相似度 0.47115185856819153 位置 (180, 281) 缩放类型 tpl 缩放比例 0.72
2023-03-22 15:37:41.840 | DEBUG    | scripts.marked.tpl_match:tpl_match:170 - 模版匹配执行完毕：最高相似度 0.47115185856819153 位置 (180, 281) 缩放类型 tpl 缩放比例 0.72
2023-03-22 15:37:42.103 | DEBUG    | scripts.marked.tpl_match:tpl_match:170 - 模版匹配执行完毕：最高相似度 0.47115185856819153 位置 (180, 281) 缩放类型 tpl 缩放比例 0.72
2023-03-22 15:37:42.360 | DEBUG    | scripts.marked.tpl_match:tpl_match:170 - 模版匹配执行完毕：最高相似度 0.47115185856819153 位置 (180, 281) 缩放类型 tpl 缩放比例 0.72
2023-03-22 15:37:42.616 | DEBUG    | scripts.marked.tpl_match:tpl_match:170 - 模版匹配执行完毕：最高相似度 0.47115135192871094 位置 (180, 281) 缩放类型 tpl 缩放比例 0.72
2023-03-22 15:37:42.863 | DEBUG    | scripts.marked.tpl_match:tpl_match:170 - 模版匹配执行完毕：最高相似度 0.47115185856819153 位置 (180, 281) 缩放类型 tpl 缩放比例 0.72
2023-03-22 15:37:43.117 | DEBUG    | scripts.marked.tpl_match:tpl_match:170 - 模版匹配执行完毕：最高相似度 0.47115185856819153 位置 (180, 281) 缩放类型 tpl 缩放比例 0.72
2023-03-22 15:37:43.370 | DEBUG    | scripts.marked.tpl_match:tpl_match:170 - 模版匹配执行完毕：最高相似度 0.47115185856819153 位置 (180, 281) 缩放类型 tpl 缩放比例 0.72
2023-03-22 15:37:43.615 | DEBUG    | scripts.marked.tpl_match:tpl_match:170 - 模版匹配执行完毕：最高相似度 0.47115185856819153 位置 (180, 281) 缩放类型 tpl 缩放比例 0.72
2023-03-22 15:37:43.868 | DEBUG    | scripts.marked.tpl_match:tpl_match:170 - 模版匹配执行完毕：最高相似度 0.47115135192871094 位置 (180, 281) 缩放类型 tpl 缩放比例 0.72
2023-03-22 15:37:44.123 | DEBUG    | scripts.marked.tpl_match:tpl_match:170 - 模版匹配执行完毕：最高相似度 0.47115185856819153 位置 (180, 281) 缩放类型 tpl 缩放比例 0.72
2023-03-22 15:37:44.381 | DEBUG    | scripts.marked.tpl_match:tpl_match:170 - 模版匹配执行完毕：最高相似度 0.47115185856819153 位置 (180, 281) 缩放类型 tpl 缩放比例 0.72
2023-03-22 15:37:44.630 | DEBUG    | scripts.marked.tpl_match:tpl_match:170 - 模版匹配执行完毕：最高相似度 0.47115185856819153 位置 (180, 281) 缩放类型 tpl 缩放比例 0.72
2023-03-22 15:37:44.885 | DEBUG    | scripts.marked.tpl_match:tpl_match:170 - 模版匹配执行完毕：最高相似度 0.47115185856819153 位置 (180, 281) 缩放类型 tpl 缩放比例 0.72
2023-03-22 15:37:45.143 | DEBUG    | scripts.marked.tpl_match:tpl_match:170 - 模版匹配执行完毕：最高相似度 0.47115135192871094 位置 (180, 281) 缩放类型 tpl 缩放比例 0.72
2023-03-22 15:37:45.387 | DEBUG    | scripts.marked.tpl_match:tpl_match:170 - 模版匹配执行完毕：最高相似度 0.47115185856819153 位置 (180, 281) 缩放类型 tpl 缩放比例 0.72
2023-03-22 15:37:45.658 | DEBUG    | scripts.marked.tpl_match:tpl_match:170 - 模版匹配执行完毕：最高相似度 0.47115081548690796 位置 (180, 281) 缩放类型 tpl 缩放比例 0.72
2023-03-22 15:37:45.911 | DEBUG    | scripts.marked.tpl_match:tpl_match:170 - 模版匹配执行完毕：最高相似度 0.47115185856819153 位置 (180, 281) 缩放类型 tpl 缩放比例 0.72
2023-03-22 15:37:46.187 | DEBUG    | scripts.marked.tpl_match:tpl_match:170 - 模版匹配执行完毕：最高相似度 0.47115185856819153 位置 (180, 281) 缩放类型 tpl 缩放比例 0.72
2023-03-22 15:37:46.450 | DEBUG    | scripts.marked.tpl_match:tpl_match:170 - 模版匹配执行完毕：最高相似度 0.47115135192871094 位置 (180, 281) 缩放类型 tpl 缩放比例 0.72
2023-03-22 15:37:46.714 | DEBUG    | scripts.marked.tpl_match:tpl_match:170 - 模版匹配执行完毕：最高相似度 0.47115185856819153 位置 (180, 281) 缩放类型 tpl 缩放比例 0.72
2023-03-22 15:37:46.975 | DEBUG    | scripts.marked.tpl_match:tpl_match:170 - 模版匹配执行完毕：最高相似度 0.47115185856819153 位置 (180, 281) 缩放类型 tpl 缩放比例 0.72
2023-03-22 15:37:47.228 | DEBUG    | scripts.marked.tpl_match:tpl_match:170 - 模版匹配执行完毕：最高相似度 0.47115185856819153 位置 (180, 281) 缩放类型 tpl 缩放比例 0.72
2023-03-22 15:37:47.477 | DEBUG    | scripts.marked.tpl_match:tpl_match:170 - 模版匹配执行完毕：最高相似度 0.47115185856819153 位置 (180, 281) 缩放类型 tpl 缩放比例 0.72
2023-03-22 15:37:47.738 | DEBUG    | scripts.marked.tpl_match:tpl_match:170 - 模版匹配执行完毕：最高相似度 0.47115135192871094 位置 (180, 281) 缩放类型 tpl 缩放比例 0.72
2023-03-22 15:37:47.997 | DEBUG    | scripts.marked.tpl_match:tpl_match:170 - 模版匹配执行完毕：最高相似度 0.47115185856819153 位置 (180, 281) 缩放类型 tpl 缩放比例 0.72
2023-03-22 15:37:48.272 | DEBUG    | scripts.marked.tpl_match:tpl_match:170 - 模版匹配执行完毕：最高相似度 0.47115135192871094 位置 (180, 281) 缩放类型 tpl 缩放比例 0.72
2023-03-22 15:37:48.541 | DEBUG    | scripts.marked.tpl_match:tpl_match:170 - 模版匹配执行完毕：最高相似度 0.47115135192871094 位置 (180, 281) 缩放类型 tpl 缩放比例 0.72
2023-03-22 15:37:48.788 | DEBUG    | scripts.marked.tpl_match:tpl_match:170 - 模版匹配执行完毕：最高相似度 0.47115135192871094 位置 (180, 281) 缩放类型 tpl 缩放比例 0.72
2023-03-22 15:37:49.040 | DEBUG    | scripts.marked.tpl_match:tpl_match:170 - 模版匹配执行完毕：最高相似度 0.47115185856819153 位置 (180, 281) 缩放类型 tpl 缩放比例 0.72
2023-03-22 15:37:49.299 | DEBUG    | scripts.marked.tpl_match:tpl_match:170 - 模版匹配执行完毕：最高相似度 0.47115135192871094 位置 (180, 281) 缩放类型 tpl 缩放比例 0.72
2023-03-22 15:37:49.568 | DEBUG    | scripts.marked.tpl_match:tpl_match:170 - 模版匹配执行完毕：最高相似度 0.47115135192871094 位置 (180, 281) 缩放类型 tpl 缩放比例 0.72
2023-03-22 15:37:49.833 | DEBUG    | scripts.marked.tpl_match:tpl_match:170 - 模版匹配执行完毕：最高相似度 0.47115135192871094 位置 (180, 281) 缩放类型 tpl 缩放比例 0.72
2023-03-22 15:37:50.120 | DEBUG    | scripts.marked.tpl_match:tpl_match:170 - 模版匹配执行完毕：最高相似度 0.47115135192871094 位置 (180, 281) 缩放类型 tpl 缩放比例 0.72
2023-03-22 15:37:50.397 | DEBUG    | scripts.marked.tpl_match:tpl_match:170 - 模版匹配执行完毕：最高相似度 0.47115185856819153 位置 (180, 281) 缩放类型 tpl 缩放比例 0.72
2023-03-22 15:37:50.655 | DEBUG    | scripts.marked.tpl_match:tpl_match:170 - 模版匹配执行完毕：最高相似度 0.47115135192871094 位置 (180, 281) 缩放类型 tpl 缩放比例 0.72
2023-03-22 15:37:50.896 | DEBUG    | scripts.marked.tpl_match:tpl_match:170 - 模版匹配执行完毕：最高相似度 0.47115135192871094 位置 (180, 281) 缩放类型 tpl 缩放比例 0.72
2023-03-22 15:37:51.167 | DEBUG    | scripts.marked.tpl_match:tpl_match:170 - 模版匹配执行完毕：最高相似度 0.47115135192871094 位置 (180, 281) 缩放类型 tpl 缩放比例 0.72
2023-03-22 15:37:51.405 | DEBUG    | scripts.marked.tpl_match:tpl_match:170 - 模版匹配执行完毕：最高相似度 0.47115135192871094 位置 (180, 281) 缩放类型 tpl 缩放比例 0.72
2023-03-22 15:37:51.670 | DEBUG    | scripts.marked.tpl_match:tpl_match:170 - 模版匹配执行完毕：最高相似度 0.47115185856819153 位置 (180, 281) 缩放类型 tpl 缩放比例 0.72
2023-03-22 15:37:51.938 | DEBUG    | scripts.marked.tpl_match:tpl_match:170 - 模版匹配执行完毕：最高相似度 0.47115135192871094 位置 (180, 281) 缩放类型 tpl 缩放比例 0.72
2023-03-22 15:37:52.196 | DEBUG    | scripts.marked.tpl_match:tpl_match:170 - 模版匹配执行完毕：最高相似度 0.47115081548690796 位置 (180, 281) 缩放类型 tpl 缩放比例 0.72
2023-03-22 15:37:52.440 | DEBUG    | scripts.marked.tpl_match:tpl_match:170 - 模版匹配执行完毕：最高相似度 0.47115135192871094 位置 (180, 281) 缩放类型 tpl 缩放比例 0.72
2023-03-22 15:37:52.675 | DEBUG    | scripts.marked.tpl_match:tpl_match:170 - 模版匹配执行完毕：最高相似度 0.47115135192871094 位置 (180, 281) 缩放类型 tpl 缩放比例 0.72
2023-03-22 15:37:52.923 | DEBUG    | scripts.marked.tpl_match:tpl_match:170 - 模版匹配执行完毕：最高相似度 0.47115185856819153 位置 (180, 281) 缩放类型 tpl 缩放比例 0.72
2023-03-22 15:37:53.166 | DEBUG    | scripts.marked.tpl_match:tpl_match:170 - 模版匹配执行完毕：最高相似度 0.47115185856819153 位置 (180, 281) 缩放类型 tpl 缩放比例 0.72
2023-03-22 15:37:53.403 | DEBUG    | scripts.marked.tpl_match:tpl_match:170 - 模版匹配执行完毕：最高相似度 0.47115135192871094 位置 (180, 281) 缩放类型 tpl 缩放比例 0.72
2023-03-22 15:37:53.653 | DEBUG    | scripts.marked.tpl_match:tpl_match:170 - 模版匹配执行完毕：最高相似度 0.47115135192871094 位置 (180, 281) 缩放类型 tpl 缩放比例 0.72
2023-03-22 15:37:53.895 | DEBUG    | scripts.marked.tpl_match:tpl_match:170 - 模版匹配执行完毕：最高相似度 0.47115135192871094 位置 (180, 281) 缩放类型 tpl 缩放比例 0.72
2023-03-22 15:37:54.134 | DEBUG    | scripts.marked.tpl_match:tpl_match:170 - 模版匹配执行完毕：最高相似度 0.47115135192871094 位置 (180, 281) 缩放类型 tpl 缩放比例 0.72
2023-03-22 15:37:54.392 | DEBUG    | scripts.marked.tpl_match:tpl_match:170 - 模版匹配执行完毕：最高相似度 0.47115185856819153 位置 (180, 281) 缩放类型 tpl 缩放比例 0.72
2023-03-22 15:37:54.643 | DEBUG    | scripts.marked.tpl_match:tpl_match:170 - 模版匹配执行完毕：最高相似度 0.47115135192871094 位置 (180, 281) 缩放类型 tpl 缩放比例 0.72
2023-03-22 15:37:54.897 | DEBUG    | scripts.marked.tpl_match:tpl_match:170 - 模版匹配执行完毕：最高相似度 0.47115135192871094 位置 (180, 281) 缩放类型 tpl 缩放比例 0.72
2023-03-22 15:37:55.138 | DEBUG    | scripts.marked.tpl_match:tpl_match:170 - 模版匹配执行完毕：最高相似度 0.47115135192871094 位置 (180, 281) 缩放类型 tpl 缩放比例 0.72
2023-03-22 15:37:55.372 | DEBUG    | scripts.marked.tpl_match:tpl_match:170 - 模版匹配执行完毕：最高相似度 0.47115135192871094 位置 (180, 281) 缩放类型 tpl 缩放比例 0.72
2023-03-22 15:37:55.642 | DEBUG    | scripts.marked.tpl_match:tpl_match:170 - 模版匹配执行完毕：最高相似度 0.47115185856819153 位置 (180, 281) 缩放类型 tpl 缩放比例 0.72
2023-03-22 15:37:55.900 | DEBUG    | scripts.marked.tpl_match:tpl_match:170 - 模版匹配执行完毕：最高相似度 0.47115135192871094 位置 (180, 281) 缩放类型 tpl 缩放比例 0.72
2023-03-22 15:37:56.161 | DEBUG    | scripts.marked.tpl_match:tpl_match:170 - 模版匹配执行完毕：最高相似度 0.47115135192871094 位置 (180, 281) 缩放类型 tpl 缩放比例 0.72
2023-03-22 15:37:56.412 | DEBUG    | scripts.marked.tpl_match:tpl_match:170 - 模版匹配执行完毕：最高相似度 0.47115135192871094 位置 (180, 281) 缩放类型 tpl 缩放比例 0.72
2023-03-22 15:37:56.658 | DEBUG    | scripts.marked.tpl_match:tpl_match:170 - 模版匹配执行完毕：最高相似度 0.47115135192871094 位置 (180, 281) 缩放类型 tpl 缩放比例 0.72
2023-03-22 15:37:56.902 | DEBUG    | scripts.marked.tpl_match:tpl_match:170 - 模版匹配执行完毕：最高相似度 0.47115185856819153 位置 (180, 281) 缩放类型 tpl 缩放比例 0.72
2023-03-22 15:37:57.175 | DEBUG    | scripts.marked.tpl_match:tpl_match:170 - 模版匹配执行完毕：最高相似度 0.47115135192871094 位置 (180, 281) 缩放类型 tpl 缩放比例 0.72
2023-03-22 15:37:57.447 | DEBUG    | scripts.marked.tpl_match:tpl_match:170 - 模版匹配执行完毕：最高相似度 0.47115135192871094 位置 (180, 281) 缩放类型 tpl 缩放比例 0.72
2023-03-22 15:37:57.718 | DEBUG    | scripts.marked.tpl_match:tpl_match:170 - 模版匹配执行完毕：最高相似度 0.47115135192871094 位置 (180, 281) 缩放类型 tpl 缩放比例 0.72
2023-03-22 15:37:57.995 | DEBUG    | scripts.marked.tpl_match:tpl_match:170 - 模版匹配执行完毕：最高相似度 0.47115135192871094 位置 (180, 281) 缩放类型 tpl 缩放比例 0.72
2023-03-22 15:37:58.261 | DEBUG    | scripts.marked.tpl_match:tpl_match:170 - 模版匹配执行完毕：最高相似度 0.47115185856819153 位置 (180, 281) 缩放类型 tpl 缩放比例 0.72
2023-03-22 15:37:58.529 | DEBUG    | scripts.marked.tpl_match:tpl_match:170 - 模版匹配执行完毕：最高相似度 0.47115081548690796 位置 (180, 281) 缩放类型 tpl 缩放比例 0.72
2023-03-22 15:37:58.802 | DEBUG    | scripts.marked.tpl_match:tpl_match:170 - 模版匹配执行完毕：最高相似度 0.47115135192871094 位置 (180, 281) 缩放类型 tpl 缩放比例 0.72
2023-03-22 15:37:59.087 | DEBUG    | scripts.marked.tpl_match:tpl_match:170 - 模版匹配执行完毕：最高相似度 0.47115135192871094 位置 (180, 281) 缩放类型 tpl 缩放比例 0.72
2023-03-22 15:37:59.356 | DEBUG    | scripts.marked.tpl_match:tpl_match:170 - 模版匹配执行完毕：最高相似度 0.47115185856819153 位置 (180, 281) 缩放类型 tpl 缩放比例 0.72
2023-03-22 15:37:59.638 | DEBUG    | scripts.marked.tpl_match:tpl_match:170 - 模版匹配执行完毕：最高相似度 0.47115135192871094 位置 (180, 281) 缩放类型 tpl 缩放比例 0.72
2023-03-22 15:37:59.912 | DEBUG    | scripts.marked.tpl_match:tpl_match:170 - 模版匹配执行完毕：最高相似度 0.47115135192871094 位置 (180, 281) 缩放类型 tpl 缩放比例 0.72
2023-03-22 15:38:00.188 | DEBUG    | scripts.marked.tpl_match:tpl_match:170 - 模版匹配执行完毕：最高相似度 0.47115135192871094 位置 (180, 281) 缩放类型 tpl 缩放比例 0.72
2023-03-22 15:38:00.474 | DEBUG    | scripts.marked.tpl_match:tpl_match:170 - 模版匹配执行完毕：最高相似度 0.47115135192871094 位置 (180, 281) 缩放类型 tpl 缩放比例 0.72
2023-03-22 15:38:00.722 | DEBUG    | scripts.marked.tpl_match:tpl_match:170 - 模版匹配执行完毕：最高相似度 0.47115185856819153 位置 (180, 281) 缩放类型 tpl 缩放比例 0.72
2023-03-22 15:38:00.984 | DEBUG    | scripts.marked.tpl_match:tpl_match:170 - 模版匹配执行完毕：最高相似度 0.47115135192871094 位置 (180, 281) 缩放类型 tpl 缩放比例 0.72
2023-03-22 15:38:01.229 | DEBUG    | scripts.marked.tpl_match:tpl_match:170 - 模版匹配执行完毕：最高相似度 0.4709440767765045 位置 (180, 281) 缩放类型 tpl 缩放比例 0.72
2023-03-22 15:38:01.492 | DEBUG    | scripts.marked.tpl_match:tpl_match:170 - 模版匹配执行完毕：最高相似度 0.47093313932418823 位置 (180, 281) 缩放类型 tpl 缩放比例 0.72
2023-03-22 15:38:01.752 | DEBUG    | scripts.marked.tpl_match:tpl_match:170 - 模版匹配执行完毕：最高相似度 0.47092926502227783 位置 (180, 281) 缩放类型 tpl 缩放比例 0.72
2023-03-22 15:38:01.994 | DEBUG    | scripts.marked.tpl_match:tpl_match:170 - 模版匹配执行完毕：最高相似度 0.47092926502227783 位置 (180, 281) 缩放类型 tpl 缩放比例 0.72
2023-03-22 15:38:02.234 | DEBUG    | scripts.marked.tpl_match:tpl_match:170 - 模版匹配执行完毕：最高相似度 0.4709297716617584 位置 (180, 281) 缩放类型 tpl 缩放比例 0.72
2023-03-22 15:38:02.470 | DEBUG    | scripts.marked.tpl_match:tpl_match:170 - 模版匹配执行完毕：最高相似度 0.4709297716617584 位置 (180, 281) 缩放类型 tpl 缩放比例 0.72
2023-03-22 15:38:02.701 | DEBUG    | scripts.marked.tpl_match:tpl_match:170 - 模版匹配执行完毕：最高相似度 0.4709297716617584 位置 (180, 281) 缩放类型 tpl 缩放比例 0.72
2023-03-22 15:38:02.940 | DEBUG    | scripts.marked.tpl_match:tpl_match:170 - 模版匹配执行完毕：最高相似度 0.47092926502227783 位置 (180, 281) 缩放类型 tpl 缩放比例 0.72
2023-03-22 15:38:02.944 | INFO     | scripts.marked.marked_calculate:__run_search:79 - 目标帧：cos1679470585/DocumentOpenFileQBTests_testDocumentOpenFileQB1mWordTimeConsuming_1679470582/end1.png
2023-03-22 15:38:03.211 | DEBUG    | scripts.marked.tpl_match:tpl_match:170 - 模版匹配执行完毕：最高相似度 0.6296998262405396 位置 (71, 1473) 缩放类型 img 缩放比例 0.9299999999999999
2023-03-22 15:38:03.471 | DEBUG    | scripts.marked.tpl_match:tpl_match:170 - 模版匹配执行完毕：最高相似度 0.6477901339530945 位置 (269, 132) 缩放类型 img 缩放比例 0.99
2023-03-22 15:38:03.743 | DEBUG    | scripts.marked.tpl_match:tpl_match:170 - 模版匹配执行完毕：最高相似度 0.651864767074585 位置 (151, 169) 缩放类型 tpl 缩放比例 0.96
2023-03-22 15:38:04.034 | DEBUG    | scripts.marked.tpl_match:tpl_match:170 - 模版匹配执行完毕：最高相似度 0.6448265314102173 位置 (30, 202) 缩放类型 tpl 缩放比例 0.9
2023-03-22 15:38:04.330 | DEBUG    | scripts.marked.tpl_match:tpl_match:170 - 模版匹配执行完毕：最高相似度 0.6579460501670837 位置 (688, 1559) 缩放类型 tpl 缩放比例 0.6599999999999999
2023-03-22 15:38:04.598 | DEBUG    | scripts.marked.tpl_match:tpl_match:170 - 模版匹配执行完毕：最高相似度 0.6733567118644714 位置 (607, 1562) 缩放类型 tpl 缩放比例 0.6599999999999999
2023-03-22 15:38:04.862 | DEBUG    | scripts.marked.tpl_match:tpl_match:170 - 模版匹配执行完毕：最高相似度 0.6221920251846313 位置 (545, 1584) 缩放类型 tpl 缩放比例 0.69
2023-03-22 15:38:05.149 | DEBUG    | scripts.marked.tpl_match:tpl_match:170 - 模版匹配执行完毕：最高相似度 0.6381922960281372 位置 (487, 1599) 缩放类型 tpl 缩放比例 0.72
2023-03-22 15:38:05.412 | DEBUG    | scripts.marked.tpl_match:tpl_match:170 - 模版匹配执行完毕：最高相似度 0.6273074150085449 位置 (482, 1616) 缩放类型 tpl 缩放比例 0.69
2023-03-22 15:38:05.685 | DEBUG    | scripts.marked.tpl_match:tpl_match:170 - 模版匹配执行完毕：最高相似度 0.6272905468940735 位置 (433, 1636) 缩放类型 tpl 缩放比例 0.72
2023-03-22 15:38:05.983 | DEBUG    | scripts.marked.tpl_match:tpl_match:170 - 模版匹配执行完毕：最高相似度 0.6440951228141785 位置 (421, 1645) 缩放类型 tpl 缩放比例 0.75
2023-03-22 15:38:06.264 | DEBUG    | scripts.marked.tpl_match:tpl_match:170 - 模版匹配执行完毕：最高相似度 0.6414552927017212 位置 (410, 1659) 缩放类型 tpl 缩放比例 0.72
2023-03-22 15:38:06.541 | DEBUG    | scripts.marked.tpl_match:tpl_match:170 - 模版匹配执行完毕：最高相似度 0.6373778581619263 位置 (405, 1662) 缩放类型 tpl 缩放比例 0.75
2023-03-22 15:38:06.812 | DEBUG    | scripts.marked.tpl_match:tpl_match:170 - 模版匹配执行完毕：最高相似度 0.6637411713600159 位置 (402, 1666) 缩放类型 tpl 缩放比例 0.78
2023-03-22 15:38:07.088 | DEBUG    | scripts.marked.tpl_match:tpl_match:170 - 模版匹配执行完毕：最高相似度 0.6433985233306885 位置 (399, 1671) 缩放类型 tpl 缩放比例 0.78
2023-03-22 15:38:07.367 | DEBUG    | scripts.marked.tpl_match:tpl_match:170 - 模版匹配执行完毕：最高相似度 0.6411362886428833 位置 (399, 1672) 缩放类型 tpl 缩放比例 0.75
2023-03-22 15:38:07.645 | DEBUG    | scripts.marked.tpl_match:tpl_match:170 - 模版匹配执行完毕：最高相似度 0.48988810181617737 位置 (443, 806) 缩放类型 tpl 缩放比例 0.75
2023-03-22 15:38:07.933 | DEBUG    | scripts.marked.tpl_match:tpl_match:170 - 模版匹配执行完毕：最高相似度 0.5783107280731201 位置 (364, 870) 缩放类型 tpl 缩放比例 0.63
2023-03-22 15:38:08.208 | DEBUG    | scripts.marked.tpl_match:tpl_match:170 - 模版匹配执行完毕：最高相似度 0.3414820432662964 位置 (63, 40) 缩放类型 tpl 缩放比例 0.69
2023-03-22 15:38:08.505 | DEBUG    | scripts.marked.tpl_match:tpl_match:170 - 模版匹配执行完毕：最高相似度 0.3427606523036957 位置 (62, 39) 缩放类型 tpl 缩放比例 0.69
2023-03-22 15:38:08.785 | DEBUG    | scripts.marked.tpl_match:tpl_match:170 - 模版匹配执行完毕：最高相似度 0.34154292941093445 位置 (62, 39) 缩放类型 tpl 缩放比例 0.69
2023-03-22 15:38:09.097 | DEBUG    | scripts.marked.tpl_match:tpl_match:170 - 模版匹配执行完毕：最高相似度 0.33636942505836487 位置 (62, 38) 缩放类型 tpl 缩放比例 0.69
2023-03-22 15:38:09.347 | DEBUG    | scripts.marked.tpl_match:tpl_match:170 - 模版匹配执行完毕：最高相似度 0.3369905650615692 位置 (62, 38) 缩放类型 tpl 缩放比例 0.69
2023-03-22 15:38:09.628 | DEBUG    | scripts.marked.tpl_match:tpl_match:170 - 模版匹配执行完毕：最高相似度 0.6114023327827454 位置 (68, 57) 缩放类型 tpl 缩放比例 0.69
2023-03-22 15:38:09.922 | DEBUG    | scripts.marked.tpl_match:tpl_match:170 - 模版匹配执行完毕：最高相似度 0.5999768972396851 位置 (68, 56) 缩放类型 tpl 缩放比例 0.69
2023-03-22 15:38:10.206 | DEBUG    | scripts.marked.tpl_match:tpl_match:170 - 模版匹配执行完毕：最高相似度 0.5999760031700134 位置 (68, 56) 缩放类型 tpl 缩放比例 0.69
2023-03-22 15:38:10.498 | DEBUG    | scripts.marked.tpl_match:tpl_match:170 - 模版匹配执行完毕：最高相似度 0.5999773144721985 位置 (68, 56) 缩放类型 tpl 缩放比例 0.69
2023-03-22 15:38:10.786 | DEBUG    | scripts.marked.tpl_match:tpl_match:170 - 模版匹配执行完毕：最高相似度 0.6005793809890747 位置 (68, 56) 缩放类型 tpl 缩放比例 0.69
2023-03-22 15:38:11.072 | DEBUG    | scripts.marked.tpl_match:tpl_match:170 - 模版匹配执行完毕：最高相似度 0.600590705871582 位置 (68, 56) 缩放类型 tpl 缩放比例 0.69
2023-03-22 15:38:11.336 | DEBUG    | scripts.marked.tpl_match:tpl_match:170 - 模版匹配执行完毕：最高相似度 0.6005822420120239 位置 (68, 56) 缩放类型 tpl 缩放比例 0.69
2023-03-22 15:38:11.595 | DEBUG    | scripts.marked.tpl_match:tpl_match:170 - 模版匹配执行完毕：最高相似度 0.6005787253379822 位置 (68, 56) 缩放类型 tpl 缩放比例 0.69
2023-03-22 15:38:11.848 | DEBUG    | scripts.marked.tpl_match:tpl_match:170 - 模版匹配执行完毕：最高相似度 0.6006054878234863 位置 (68, 56) 缩放类型 tpl 缩放比例 0.69
2023-03-22 15:38:12.121 | DEBUG    | scripts.marked.tpl_match:tpl_match:170 - 模版匹配执行完毕：最高相似度 0.6005902290344238 位置 (68, 56) 缩放类型 tpl 缩放比例 0.69
2023-03-22 15:38:12.378 | DEBUG    | scripts.marked.tpl_match:tpl_match:170 - 模版匹配执行完毕：最高相似度 0.6005943417549133 位置 (68, 56) 缩放类型 tpl 缩放比例 0.69
2023-03-22 15:38:12.649 | DEBUG    | scripts.marked.tpl_match:tpl_match:170 - 模版匹配执行完毕：最高相似度 0.9528689384460449 位置 (191, 276) 缩放类型 img 缩放比例 0.99
2023-03-22 15:38:12.653 | INFO     | scripts.marked.marked_calculate:__file_idx_to_frame_idx:60 - _file_idx_to_frame_idx：160 >> 00000161
2023-03-22 15:38:12.653 | INFO     | scripts.marked.marked_calculate:__calc_end_mark:244 - mark end | MarkedStrategy.OR | 第2个标记被发现,在161帧
2023-03-22 15:38:12.653 | INFO     | scripts.marked.marked_calculate:__file_idx_to_frame_idx:60 - _file_idx_to_frame_idx：160 >> 00000161
2023-03-22 15:38:12.653 | INFO     | scripts.marked.marked_calculate:get_marked_img_position:322 - 
起始帧文件编号：[126]
结束帧文件编号：[161]
2023-03-22 15:38:12.653 | INFO     | scripts.cv.cv_calculate:calculate_load_time:115 - start frame time:5040.0ms
2023-03-22 15:38:12.654 | INFO     | scripts.cv.cv_calculate:calculate_load_time:116 - end frame time:6440.0ms
